<?xml version="1.0" encoding="UTF-8"?>
<!-- Generated by org.testng.reporters.JUnitXMLReporter -->
<testsuite hostname="DESKTOP-3QGRUM4" ignored="0" name="Default test" tests="4" failures="0" timestamp="01 Feb 2020 14:24:13 GMT" time="0.111" errors="0">
  <testcase name="Z" time="0.018" classname="tests.MethodConcept"/>
  <testcase name="Z" time="0.002" classname="tests.MethodConcept"/>
  <testcase name="y" time="0.005" classname="tests.MethodConcept"/>
  <testcase name="y" time="0.002" classname="tests.MethodConcept"/>
</testsuite> <!-- Default test -->
