<?xml version="1.0" encoding="UTF-8"?>
<!-- Generated by org.testng.reporters.JUnitXMLReporter -->
<testsuite hostname="DESKTOP-3QGRUM4" ignored="0" name="Itration-1" tests="5" failures="0" timestamp="30 Jan 2020 07:03:45 GMT" time="92.643" errors="0">
  <testcase name="runnermethod" time="20.079" classname="tests.LoginTestWithDataProvider"/>
  <testcase name="runnermethod" time="20.98" classname="tests.LoginTestWithDataProvider"/>
  <testcase name="runnermethod" time="19.905" classname="tests.LoginTestWithDataProvider"/>
  <testcase name="runnermethod" time="15.372" classname="tests.LoginTestWithDataProvider"/>
  <testcase name="runnermethod" time="16.236" classname="tests.LoginTestWithDataProvider"/>
</testsuite> <!-- Itration-1 -->
