<?xml version="1.0" encoding="UTF-8"?>
<testng-results skipped="0" failed="0" ignored="0" total="4" passed="4">
  <reporter-output>
  </reporter-output>
  <suite name="Default suite" duration-ms="111" started-at="2020-02-01T14:24:13Z" finished-at="2020-02-01T14:24:13Z">
    <groups>
    </groups>
    <test name="Default test" duration-ms="111" started-at="2020-02-01T14:24:13Z" finished-at="2020-02-01T14:24:13Z">
      <class name="tests.MethodConcept">
        <test-method status="PASS" signature="Z(java.lang.String, java.lang.String)[pri:0, instance:tests.MethodConcept@1ce92674]" name="Z" duration-ms="18" started-at="2020-02-01T14:24:13Z" data-provider="x" finished-at="2020-02-01T14:24:13Z">
          <params>
            <param index="0">
              <value>
                <![CDATA[10]]>
              </value>
            </param>
            <param index="1">
              <value>
                <![CDATA[20]]>
              </value>
            </param>
          </params>
          <reporter-output>
          </reporter-output>
        </test-method> <!-- Z -->
        <test-method status="PASS" signature="Z(java.lang.String, java.lang.String)[pri:0, instance:tests.MethodConcept@1ce92674]" name="Z" duration-ms="2" started-at="2020-02-01T14:24:13Z" data-provider="x" finished-at="2020-02-01T14:24:13Z">
          <params>
            <param index="0">
              <value>
                <![CDATA[90]]>
              </value>
            </param>
            <param index="1">
              <value>
                <![CDATA[12]]>
              </value>
            </param>
          </params>
          <reporter-output>
          </reporter-output>
        </test-method> <!-- Z -->
        <test-method status="PASS" signature="y(java.lang.String, java.lang.String)[pri:0, instance:tests.MethodConcept@1ce92674]" name="y" duration-ms="5" started-at="2020-02-01T14:24:13Z" data-provider="x" finished-at="2020-02-01T14:24:13Z">
          <params>
            <param index="0">
              <value>
                <![CDATA[abdul]]>
              </value>
            </param>
            <param index="1">
              <value>
                <![CDATA[kalam]]>
              </value>
            </param>
          </params>
          <reporter-output>
          </reporter-output>
        </test-method> <!-- y -->
        <test-method status="PASS" signature="y(java.lang.String, java.lang.String)[pri:0, instance:tests.MethodConcept@1ce92674]" name="y" duration-ms="2" started-at="2020-02-01T14:24:13Z" data-provider="x" finished-at="2020-02-01T14:24:13Z">
          <params>
            <param index="0">
              <value>
                <![CDATA[steve]]>
              </value>
            </param>
            <param index="1">
              <value>
                <![CDATA[jobs]]>
              </value>
            </param>
          </params>
          <reporter-output>
          </reporter-output>
        </test-method> <!-- y -->
      </class> <!-- tests.MethodConcept -->
    </test> <!-- Default test -->
  </suite> <!-- Default suite -->
</testng-results>
